This is LuaTeX, Version 0.95.0 (TeX Live 2016/Debian)  (format=lualatex 2018.9.22)  7 JUL 2019 18:31
 restricted system commands enabled.
**考古学のための統計講座.tex
(./考古学のための統計講座.tex
LaTeX2e <2017/01/01> patch level 3
Lua module: luaotfload-main 2016/06/16 2.70003 OpenType layout system.
Lua module: lualibs 2016-04-06 2.4 ConTeXt Lua standard libraries.
Lua module: lualibs-extended 2016-04-06 2.4 ConTeXt Lua libraries -- extended co
llection.(using write cache: /home/ishii/.texlive2016/texmf-var/luatex-cache/gen
eric)(using read cache: /var/lib/texmf/luatex-cache/generic /home/ishii/.texlive
2016/texmf-var/luatex-cache/generic)
luaotfload | conf : Root cache directory is /home/ishii/.texlive2016/texmf-var/l
uatex-cache/generic/names.
luaotfload | init : Loading fontloader “fontloader-2016-06-16.lua” from kpse
-resolved path “/usr/share/texlive/texmf-dist/tex/luatex/luaotfload/fontloader
-2016-06-16.lua”.
Lua-only attribute luaotfload@state = 1
Lua-only attribute luaotfload@noligature = 2
Lua-only attribute luaotfload@syllabe = 3
luaotfload | init : Context OpenType loader version “3.023”
Inserting `luaotfload.node_processor' at position 1 in `pre_linebreak_filter'.
Inserting `luaotfload.node_processor' at position 1 in `hpack_filter'.
Inserting `luaotfload.define_font' at position 1 in `define_font'.
Lua-only attribute luaotfload_color_attribute = 4
luaotfload | conf : Root cache directory is /home/ishii/.texlive2016/texmf-var/l
uatex-cache/generic/names.
Inserting `luaotfload.aux.set_sscale_dimens' at position 1 in `luaotfload.patch_
font'.
Inserting `luaotfload.aux.patch_cambria_domh' at position 2 in `luaotfload.patch
_font'.
Inserting `luaotfload.aux.fixup_fontdata' at position 1 in `luaotfload.patch_fon
t_unsafe'.
Inserting `luaotfload.aux.set_capheight' at position 3 in `luaotfload.patch_font
'.
Inserting `luaotfload.rewrite_fontname' at position 4 in `luaotfload.patch_font'
.
luaotfload | main : initialization completed in 0.113 seconds
Babel <3.9r> and hyphenation patterns for 1 language(s) loaded.
(/usr/share/texlive/texmf-dist/tex/luatex/luatexja/ltjarticle.cls
Document Class: ltjarticle 2017/01/17 v1.7c-ltj-12 Standard LuaLaTeX-ja class
(/usr/share/texlive/texmf-dist/tex/luatex/luatexja/luatexja.sty
Package: luatexja 2016/05/12 Japanese Typesetting with Lua(La)TeX
(/usr/share/texlive/texmf-dist/tex/luatex/luatexja/luatexja-core.sty
Package: luatexja-core 2016/05/15 Core of LuaTeX-ja
(/usr/share/texlive/texmf-dist/tex/luatex/luatexbase/luatexbase.sty
Package: luatexbase 2015/10/04 v1.3 luatexbase interface to LuaTeX 
(/usr/share/texlive/texmf-dist/tex/luatex/ctablestack/ctablestack.sty
Package: ctablestack 2015/10/01 v1.0 Catcode table stable support
\@catcodetablestackcnt=\count79
)
\CatcodeTableOther=\catcodetable5
\CatcodeTableExpl=\catcodetable6
) (/usr/share/texlive/texmf-dist/tex/generic/oberdiek/ltxcmds.sty
Package: ltxcmds 2016/05/16 v1.23 LaTeX kernel commands for general use (HO)
) (/usr/share/texlive/texmf-dist/tex/generic/oberdiek/pdftexcmds.sty
Package: pdftexcmds 2016/05/21 v0.22 Utility functions of pdfTeX for LuaTeX (HO)

(/usr/share/texlive/texmf-dist/tex/generic/oberdiek/infwarerr.sty
Package: infwarerr 2016/05/16 v1.4 Providing info/warning/error messages (HO)
) (/usr/share/texlive/texmf-dist/tex/generic/oberdiek/ifluatex.sty
Package: ifluatex 2016/05/16 v1.4 Provides the ifluatex switch (HO)
Package ifluatex Info: LuaTeX detected.
) (/usr/share/texlive/texmf-dist/tex/generic/oberdiek/ifpdf.sty
Package: ifpdf 2016/05/14 v3.1 Provides the ifpdf switch
)
Package pdftexcmds Info: \pdf@primitive is available.
Package pdftexcmds Info: \pdf@ifprimitive is available.
Package pdftexcmds Info: \pdfdraftmode found.
(/usr/share/texlive/texmf-dist/tex/generic/oberdiek/luatex-loader.sty
Package: luatex-loader 2016/05/16 v0.6 Lua module loader (HO)
(/usr/share/texlive/texmf-dist/scripts/oberdiek/oberdiek.luatex.lua))
\pdftexcmds@toks=\toks14
) (/usr/share/texlive/texmf-dist/tex/latex/xkeyval/xkeyval.sty
Package: xkeyval 2014/12/03 v2.7a package option processing (HA)
(/usr/share/texlive/texmf-dist/tex/generic/xkeyval/xkeyval.tex (/usr/share/texl
ive/texmf-dist/tex/generic/xkeyval/xkvutils.tex
\XKV@toks=\toks15
\XKV@tempa@toks=\toks16
(/usr/share/texlive/texmf-dist/tex/generic/xkeyval/keyval.tex))
\XKV@depth=\count80
File: xkeyval.tex 2014/12/03 v2.7a key=value parser (HA)
)) (/usr/share/texlive/texmf-dist/tex/generic/oberdiek/atbegshi.sty
Package: atbegshi 2016/06/09 v1.18 At begin shipout hook (HO)
) (/usr/share/texlive/texmf-dist/tex/latex/everyhook/everyhook.sty (/usr/share/
texlive/texmf-dist/tex/latex/svn-prov/svn-prov.sty
Package: svn-prov 2010/04/24 v3.1862 Package Date/Version from SVN Keywords
)
Package: everyhook 2014/11/26 v1.2 (SVN Rev: 12)\ Hooks for low level TeX everyX
 primitives.
(/usr/share/texlive/texmf-dist/tex/latex/etoolbox/etoolbox.sty
Package: etoolbox 2017/01/02 v2.4 e-TeX tools for LaTeX (JAW)
\etb@tempcnta=\count81
)
\everypar=\toks17
\frozen@everymath=\toks18
\frozen@everydisplay=\toks19
\everyhbox=\toks20
\everyvbox=\toks21
\everycr=\toks22
)
\ltjlineendcomment=\count82
\ltj@zw=\dimen102
\ltj@zh=\dimen103
\jQ=\dimen104
\ltj@icflag=\attribute5
\ltj@curjfnt=\attribute6
\ltj@curtfnt=\attribute7
\ltj@origchar=\attribute8
\ltj@charclass=\attribute9
\ltj@charcode=\attribute10
\ltj@autospc=\attribute11
\ltj@autoxspc=\attribute12
\ltj@yablshift=\attribute13
\ltj@ykblshift=\attribute14
\ltj@tablshift=\attribute15
\ltj@tkblshift=\attribute16
\jfam=\attribute17
\ltj@dir=\attribute18
\ltj@@japanese=\language1
\ltj@tempcnta=\count83
\ltj@kcat0=\attribute19
\ltj@kcat1=\attribute20
\ltj@kcat2=\attribute21
\ltj@kcat3=\attribute22
\ltj@kcat4=\attribute23
\ltj@kcat5=\attribute24
\ltj@kcat6=\attribute25
Custom whatsit inhibitglue = 1
Custom whatsit stack_marker = 2
Custom whatsit begin_par = 3
Custom whatsit direction = 4(load cache: /home/ishii/.texlive2016/texmf-var/luat
exja/ltj-cid-auto-adobe-japan1.luc)
Lua module: luatexja.charrange 2014/06/03 Handling the range of Japanese charact
ers
Lua module: luatexja.stack 2014/05/08 LuaTeX-ja stack system
Inserting `ltj.create_dir_whatsit' at position 2 in `hpack_filter'.
Inserting `ltj.create_dir_whatsit' at position 1 in `post_linebreak_filter'.
Inserting `ltj.direction' at position 1 in `vpack_filter'.
Inserting `ltj.direction' at position 1 in `pre_output_filter'.
Inserting `ltj.direction' at position 1 in `append_to_vlist_filter'.
Lua module: luatexja.jfont 2016/04/03 Loader for Japanese fonts
Removing  `luaotfload.define_font' from `define_font'.
Inserting `luatexja.font_callback' at position 1 in `define_font'.
Removing  `luaotfload.aux.set_sscale_dimens' from `luaotfload.patch_font'.
Removing  `luaotfload.aux.patch_cambria_domh' from `luaotfload.patch_font'.
Removing  `luaotfload.aux.set_capheight' from `luaotfload.patch_font'.
Removing  `luaotfload.rewrite_fontname' from `luaotfload.patch_font'.
Inserting `ltj.prepare_extra_data' at position 1 in `luaotfload.patch_font'.
Inserting `luaotfload.aux.set_sscale_dimens' at position 2 in `luaotfload.patch_
font'.
Inserting `luaotfload.aux.patch_cambria_domh' at position 3 in `luaotfload.patch
_font'.
Inserting `luaotfload.aux.set_capheight' at position 4 in `luaotfload.patch_font
'.
Inserting `luaotfload.rewrite_fontname' at position 5 in `luaotfload.patch_font'
.
Inserting `ltj.prepare_extra_data' at position 1 in `luatexja.define_font'.
Inserting `1' at position 1 in `luatexja.define_jfont'.
Removing  `ltj.prepare_extra_data' from `luaotfload.patch_font'.
Removing  `luaotfload.aux.set_sscale_dimens' from `luaotfload.patch_font'.
Removing  `luaotfload.aux.patch_cambria_domh' from `luaotfload.patch_font'.
Removing  `luaotfload.aux.set_capheight' from `luaotfload.patch_font'.
Removing  `luaotfload.rewrite_fontname' from `luaotfload.patch_font'.
Inserting `ltj.supply_tounicode' at position 1 in `luaotfload.patch_font'.
Inserting `ltj.prepare_extra_data' at position 2 in `luaotfload.patch_font'.
Inserting `luaotfload.aux.set_sscale_dimens' at position 3 in `luaotfload.patch_
font'.
Inserting `luaotfload.aux.patch_cambria_domh' at position 4 in `luaotfload.patch
_font'.
Inserting `luaotfload.aux.set_capheight' at position 5 in `luaotfload.patch_font
'.
Inserting `luaotfload.rewrite_fontname' at position 6 in `luaotfload.patch_font'
.
Inserting `ltj.process_input_buffer' at position 1 in `process_input_buffer'.
Inserting `ltj.hyphenate' at position 1 in `hyphenate'.
Removing  `luaotfload.node_processor' from `hpack_filter'.
Removing  `ltj.create_dir_whatsit' from `hpack_filter'.
Inserting `ltj.set_stack_level' at position 1 in `hpack_filter'.
Inserting `luaotfload.node_processor' at position 2 in `hpack_filter'.
Inserting `ltj.create_dir_whatsit' at position 3 in `hpack_filter'.
Removing  `luaotfload.node_processor' from `pre_linebreak_filter'.
Inserting `ltj.set_stack_level' at position 1 in `pre_linebreak_filter'.
Inserting `luaotfload.node_processor' at position 2 in `pre_linebreak_filter'.
Lua module: luatexja.jfmglue 2016/04/03 Insertion process of JFM glues and kanji
skip
Inserting `luatexja.beginpar.np_info' at position 1 in `luatexja.jfmglue.whatsit
_getinfo'.
Inserting `luatexja.beginpar.np_info_after' at position 1 in `luatexja.jfmglue.w
hatsit_after'.
Inserting `ltj.mlist_to_hlist' at position 1 in `mlist_to_hlist'.
Lua module: luatexja.tangle 2011/05/14 
Inserting `ltj.main' at position 3 in `pre_linebreak_filter'.
Removing  `ltj.create_dir_whatsit' from `hpack_filter'.
Inserting `ltj.main' at position 3 in `hpack_filter'.
Inserting `ltj.create_dir_whatsit' at position 4 in `hpack_filter'.
Removing  `ltj.set_stack_level' from `pre_linebreak_filter'.
Removing  `luaotfload.node_processor' from `pre_linebreak_filter'.
Removing  `ltj.main' from `pre_linebreak_filter'.
Inserting `ltj.adjust_icflag' at position 1 in `pre_linebreak_filter'.
Inserting `ltj.set_stack_level' at position 2 in `pre_linebreak_filter'.
Inserting `luaotfload.node_processor' at position 3 in `pre_linebreak_filter'.
Inserting `ltj.main' at position 4 in `pre_linebreak_filter'.
Removing  `ltj.set_stack_level' from `hpack_filter'.
Removing  `luaotfload.node_processor' from `hpack_filter'.
Removing  `ltj.main' from `hpack_filter'.
Removing  `ltj.create_dir_whatsit' from `hpack_filter'.
Inserting `ltj.adjust_icflag' at position 1 in `hpack_filter'.
Inserting `ltj.set_stack_level' at position 2 in `hpack_filter'.
Inserting `luaotfload.node_processor' at position 3 in `hpack_filter'.
Inserting `ltj.main' at position 4 in `hpack_filter'.
Inserting `ltj.create_dir_whatsit' at position 5 in `hpack_filter'. (/usr/share
/texlive/texmf-dist/tex/luatex/luatexja/ltj-base.sty
Package: ltj-base 2016/05/15
\ltj@tempcntb=\count84
\ltj@tempcntc=\count85
\ltj@tempdima=\dimen105
\ltj@afbox=\box26
)
\ltj@@jfont@inner=\luafunction1
\ltj@zw@inner=\luafunction2
\ltj@zh@inner=\luafunction3
\ltj@reset@globaldefs@inner=\luafunction4
\ltj@restore@globaldefs@inner=\luafunction5
\ltj@@ihb@inner=\luafunction6
\ltj@@stack=\count86
\ltj@@group@level=\count87
\ltjsetkanjiskip@inner=\luafunction7
\ltjsetxkanjiskip@inner=\luafunction8
\ltj@@box@dirhook=\luafunction9
\ltj@@reset@badness@inner=\luafunction10
(/usr/share/texlive/texmf-dist/tex/luatex/luatexja/ltj-latex.sty
Package: ltj-latex 2016/08/21 LaTeX support of LuaTeX-ja
(/usr/share/texlive/texmf-dist/tex/luatex/luatexja/patches/lltjfont.sty
Package: lltjfont 2016/04/01 Patch to NFSS2 for LuaTeX-ja
(/usr/share/texlive/texmf-dist/tex/latex/base/tuenc.def
File: tuenc.def 2017/02/22 v2.0g Standard LaTeX file
LaTeX Font Info:    Redeclaring font encoding TU on input line 82.
)
\Cht=\dimen106
\cht=\dimen107
\Cdp=\dimen108
\cdp=\dimen109
\Cwd=\dimen110
\cwd=\dimen111
\Cvs=\dimen112
\cvs=\dimen113
\Chs=\dimen114
\chs=\dimen115
\cHT=\dimen116
\dstrutbox=\box27
\tstrutbox=\box28
\zstrutbox=\box29
(/usr/share/texlive/texmf-dist/tex/latex/ms/everysel.sty
Package: everysel 2011/10/28 v1.2 EverySelectfont Package (MS)
) ABD: EverySelectfont initializing macros
LaTeX Info: Redefining \selectfont on input line 299.
\ltj@@adjust@baseline@inner=\luafunction11
LaTeX Info: Redefining \fontencoding on input line 474.
LaTeX Info: Redefining \fontfamily on input line 519.
LaTeX Info: Redefining \fontseries on input line 553.
LaTeX Info: Redefining \fontshape on input line 556.
LaTeX Info: Redefining \normalfont on input line 568.
) (/usr/share/texlive/texmf-dist/tex/luatex/luatexja/patches/lltjdefs.sty
Package: lltjdefs 2016/05/05 Default font settings of LuaTeX-ja
luaotfload | db : Font names database loaded from /home/ishii/.texlive2016/texmf
-var/luatex-cache/generic/names/luaotfload-names.luc(compiling luc: /var/lib/tex
mf/luatex-cache/generic/fonts/otl/lmroman10-regular.luc)(load luc: /home/ishii/.
texlive2016/texmf-var/luatex-cache/generic/fonts/otl/lmroman10-regular.luc)(load
 cache: /home/ishii/.texlive2016/texmf-var/luatexja/extra_lmroman10-regular.luc)
LaTeX Font Info:    Font shape `JT3/mc/m/n' will be
(Font)              scaled to size 9.6222pt on input line 46.
luaotfload | cache : Lookup cache loaded from /home/ishii/.texlive2016/texmf-var
/luatex-cache/generic/names/luaotfload-lookup-cache.luc.(compiling luc: /var/lib
/texmf/luatex-cache/generic/fonts/otl/ipaexm.luc)(load luc: /home/ishii/.texlive
2016/texmf-var/luatex-cache/generic/fonts/otl/ipaexm.luc)(load cache: /home/ishi
i/.texlive2016/texmf-var/luatexja/extra_ipaexm.luc)
(/usr/share/texlive/texmf-dist/tex/luatex/luatexja/jfm-ujisv.lua)
LaTeX Font Info:    Font shape `JY3/mc/m/n' will be
(Font)              scaled to size 9.6222pt on input line 46.
(/usr/share/texlive/texmf-dist/tex/luatex/luatexja/jfm-ujis.lua)
\symmincho=\mathgroup4
LaTeX Font Info:    Overwriting symbol font `mincho' in version `bold'
(Font)                  JY3/mc/m/n --> JY3/gt/m/n on input line 55.
LaTeX Info: Redefining \rmfamily on input line 62.
LaTeX Info: Redefining \sffamily on input line 66.
LaTeX Info: Redefining \ttfamily on input line 70.
LaTeX Info: Redefining \em on input line 75.
) (/usr/share/texlive/texmf-dist/tex/luatex/luatexja/patches/lltjcore.sty
Package: lltjcore 2016/05/05 Patch to LaTeX2e Kernel for LuaTeX-ja
\@tombowwidth=\dimen117
\@TL=\box30
\@Tl=\box31
\@TC=\box32
\@TR=\box33
\@Tr=\box34
\@BL=\box35
\@Bl=\box36
\@BC=\box37
\@BR=\box38
\@Br=\box39
\@CL=\box40
\@CR=\box41
\@bannertoken=\toks23
\@@paperheight=\dimen118
\@@paperwidth=\dimen119
\@@topmargin=\dimen120
\hour=\count88
\minute=\count89
) (/usr/share/texlive/texmf-dist/tex/luatex/luatexja/patches/lltjp-geometry.sty
Package: lltjp-geometry 2016/10/06 Patch to geometry for LuaTeX-ja with vertical
 writing mode
(/usr/share/texlive/texmf-dist/tex/latex/filehook/filehook.sty
Package: filehook 2011/10/12 v0.5d Hooks for input files
)))
\ltj@temp@cctb=\catcodetable7
) (/usr/share/texlive/texmf-dist/tex/luatex/luatexja/luatexja-compat.sty
Package: luatexja-compat 2015/05/09 Compatibility with pTeX
(load cache: /home/ishii/.texlive2016/texmf-var/luatexja/ltj-jisx0208.luc)
\hour=\count90
\minute=\count91
))
\c@@paper=\count92
Inserting `ltj.jclasses_load_jfm' at position 1 in `luatexja.load_jfm'.
(/usr/share/texlive/texmf-dist/tex/luatex/luatexja/jfm-min.lua)
Removing  `ltj.jclasses_load_jfm' from `luatexja.load_jfm'. (/usr/share/texlive
/texmf-dist/tex/luatex/luatexja/ltjsize10.clo
File: ltjsize10.clo 2017/01/17 v1.7c-ltj-12 Standard LuaLaTeX-ja file (size opti
on)
LaTeX Font Info:    Font shape `JY3/mc/m/n' will be
(Font)              scaled to size 9.6222pt on input line 35.
)
\c@part=\count93
\c@section=\count94
\c@subsection=\count95
\c@subsubsection=\count96
\c@paragraph=\count97
\c@subparagraph=\count98
\c@figure=\count99
\c@table=\count100
\abovecaptionskip=\skip41
\belowcaptionskip=\skip42
LaTeX Font Info:    Redeclaring symbol font `mincho' on input line 616.
LaTeX Font Info:    Overwriting symbol font `mincho' in version `normal'
(Font)                  JY3/mc/m/n --> JY3/mc/m/n on input line 616.
LaTeX Font Info:    Overwriting symbol font `mincho' in version `bold'
(Font)                  JY3/gt/m/n --> JY3/mc/m/n on input line 616.
LaTeX Font Info:    Overwriting symbol font `mincho' in version `bold'
(Font)                  JY3/mc/m/n --> JY3/gt/m/n on input line 618.
LaTeX Font Info:    Redeclaring math alphabet \mathgt on input line 620.
LaTeX Font Info:    Overwriting math alphabet `\mathgt' in version `normal'
(Font)                  JY3/gt/m/n --> JY3/gt/m/n on input line 620.
LaTeX Font Info:    Overwriting math alphabet `\mathgt' in version `bold'
(Font)                  JY3/gt/m/n --> JY3/gt/m/n on input line 620.
LaTeX Info: Redefining \mc on input line 628.
LaTeX Info: Redefining \gt on input line 629.
\toclineskip=\dimen121
\@lnumwidth=\dimen122
\bibindent=\dimen123
\heisei=\count101
) (/usr/share/texmf/tex/latex/lm/lmodern.sty
Package: lmodern 2009/10/30 v1.6 Latin Modern Fonts
LaTeX Font Info:    Overwriting symbol font `operators' in version `normal'
(Font)                  OT1/cmr/m/n --> OT1/lmr/m/n on input line 22.
LaTeX Font Info:    Overwriting symbol font `letters' in version `normal'
(Font)                  OML/cmm/m/it --> OML/lmm/m/it on input line 23.
LaTeX Font Info:    Overwriting symbol font `symbols' in version `normal'
(Font)                  OMS/cmsy/m/n --> OMS/lmsy/m/n on input line 24.
LaTeX Font Info:    Overwriting symbol font `largesymbols' in version `normal'
(Font)                  OMX/cmex/m/n --> OMX/lmex/m/n on input line 25.
LaTeX Font Info:    Overwriting symbol font `operators' in version `bold'
(Font)                  OT1/cmr/bx/n --> OT1/lmr/bx/n on input line 26.
LaTeX Font Info:    Overwriting symbol font `letters' in version `bold'
(Font)                  OML/cmm/b/it --> OML/lmm/b/it on input line 27.
LaTeX Font Info:    Overwriting symbol font `symbols' in version `bold'
(Font)                  OMS/cmsy/b/n --> OMS/lmsy/b/n on input line 28.
LaTeX Font Info:    Overwriting symbol font `largesymbols' in version `bold'
(Font)                  OMX/cmex/m/n --> OMX/lmex/m/n on input line 29.
LaTeX Font Info:    Overwriting math alphabet `\mathbf' in version `normal'
(Font)                  OT1/cmr/bx/n --> OT1/lmr/bx/n on input line 31.
LaTeX Font Info:    Overwriting math alphabet `\mathsf' in version `normal'
(Font)                  OT1/cmss/m/n --> OT1/lmss/m/n on input line 32.
LaTeX Font Info:    Overwriting math alphabet `\mathit' in version `normal'
(Font)                  OT1/cmr/m/it --> OT1/lmr/m/it on input line 33.
LaTeX Font Info:    Overwriting math alphabet `\mathtt' in version `normal'
(Font)                  OT1/cmtt/m/n --> OT1/lmtt/m/n on input line 34.
LaTeX Font Info:    Overwriting math alphabet `\mathbf' in version `bold'
(Font)                  OT1/cmr/bx/n --> OT1/lmr/bx/n on input line 35.
LaTeX Font Info:    Overwriting math alphabet `\mathsf' in version `bold'
(Font)                  OT1/cmss/bx/n --> OT1/lmss/bx/n on input line 36.
LaTeX Font Info:    Overwriting math alphabet `\mathit' in version `bold'
(Font)                  OT1/cmr/bx/it --> OT1/lmr/bx/it on input line 37.
LaTeX Font Info:    Overwriting math alphabet `\mathtt' in version `bold'
(Font)                  OT1/cmtt/m/n --> OT1/lmtt/m/n on input line 38.
) (/usr/share/texlive/texmf-dist/tex/latex/amsfonts/amssymb.sty
Package: amssymb 2013/01/14 v3.01 AMS font symbols
(/usr/share/texlive/texmf-dist/tex/latex/amsfonts/amsfonts.sty
Package: amsfonts 2013/01/14 v3.01 Basic AMSFonts support
\@emptytoks=\toks24
\symAMSa=\mathgroup5
\symAMSb=\mathgroup6
LaTeX Font Info:    Overwriting math alphabet `\mathfrak' in version `bold'
(Font)                  U/euf/m/n --> U/euf/b/n on input line 106.
)) (/usr/share/texlive/texmf-dist/tex/latex/amsmath/amsmath.sty
Package: amsmath 2016/11/05 v2.16a AMS math features
\@mathmargin=\skip43
For additional information on amsmath, use the `?' option.
(/usr/share/texlive/texmf-dist/tex/latex/amsmath/amstext.sty
Package: amstext 2000/06/29 v2.01 AMS text
(/usr/share/texlive/texmf-dist/tex/latex/amsmath/amsgen.sty
File: amsgen.sty 1999/11/30 v2.0 generic functions
\@emptytoks=\toks25
\ex@=\dimen124
)) (/usr/share/texlive/texmf-dist/tex/latex/amsmath/amsbsy.sty
Package: amsbsy 1999/11/29 v1.2d Bold Symbols
\pmbraise@=\dimen125
) (/usr/share/texlive/texmf-dist/tex/latex/amsmath/amsopn.sty
Package: amsopn 2016/03/08 v2.02 operator names
)
\inf@bad=\count102
LaTeX Info: Redefining \frac on input line 213.
\uproot@=\count103
\leftroot@=\count104
LaTeX Info: Redefining \overline on input line 375.
\classnum@=\count105
\DOTSCASE@=\count106
LaTeX Info: Redefining \ldots on input line 472.
LaTeX Info: Redefining \dots on input line 475.
LaTeX Info: Redefining \cdots on input line 596.
\Mathstrutbox@=\box42
\strutbox@=\box43
\big@size=\dimen126
LaTeX Font Info:    Redeclaring font encoding OML on input line 712.
LaTeX Font Info:    Redeclaring font encoding OMS on input line 713.
\macc@depth=\count107
\c@MaxMatrixCols=\count108
\dotsspace@=\muskip10
\c@parentequation=\count109
\dspbrk@lvl=\count110
\tag@help=\toks26
\row@=\count111
\column@=\count112
\maxfields@=\count113
\andhelp@=\toks27
\eqnshift@=\dimen127
\alignsep@=\dimen128
\tagshift@=\dimen129
\tagwidth@=\dimen130
\totwidth@=\dimen131
\lineht@=\dimen132
\@envbody=\toks28
\multlinegap=\skip44
\multlinetaggap=\skip45
\mathdisplay@stack=\toks29
LaTeX Info: Redefining \[ on input line 2817.
LaTeX Info: Redefining \] on input line 2818.
) (/usr/share/texlive/texmf-dist/tex/generic/ifxetex/ifxetex.sty
Package: ifxetex 2010/09/12 v0.6 Provides ifxetex conditional
) (/usr/share/texlive/texmf-dist/tex/latex/base/fixltx2e.sty
Package: fixltx2e 2016/12/29 v2.1a fixes to LaTeX (obsolete)
Applying: [2015/01/01] Old fixltx2e package on input line 46.

Package fixltx2e Warning: fixltx2e is not required with releases after 2015
(fixltx2e)                All fixes are now in the LaTeX kernel.
(fixltx2e)                See the latexrelease package for details.

Already applied: [0000/00/00] Old fixltx2e package on input line 53.
) (/usr/share/texlive/texmf-dist/tex/latex/fontspec/fontspec.sty (/usr/share/te
xlive/texmf-dist/tex/latex/l3kernel/expl3.sty
Package: expl3 2016/11/21 v6760 L3 programming layer (loader) 
(/usr/share/texlive/texmf-dist/tex/latex/l3kernel/expl3-code.tex
Package: expl3 2016/11/21 v6760 L3 programming layer (code)
L3 Module: l3bootstrap 2016/06/13 v6596 L3 Bootstrap code
\ucharcat@table=\catcodetable8
L3 Module: l3names 2016/10/13 v6722 L3 Namespace for primitives
L3 Module: l3basics 2016/09/01 v6696 L3 Basic definitions
L3 Module: l3expan 2016/08/19 v6684 L3 Argument expansion
L3 Module: l3tl 2016/08/19 v6692 L3 Token lists
L3 Module: l3str 2016/08/19 v6692 L3 Strings
L3 Module: l3seq 2016/08/19 v6685 L3 Sequences and stacks
L3 Module: l3int 2016/09/07 v6700 L3 Integers
\c_max_int=\count114
\l_tmpa_int=\count115
\l_tmpb_int=\count116
\g_tmpa_int=\count117
\g_tmpb_int=\count118
L3 Module: l3quark 2016/08/19 v6685 L3 Quarks
L3 Module: l3prg 2016/08/18 v6679 L3 Control structures
\g__prg_map_int=\count119
L3 Module: l3clist 2016/08/19 v6685 L3 Comma separated lists
L3 Module: l3token 2016/09/01 v6695 L3 Experimental token manipulation
L3 Module: l3prop 2016/08/19 v6685 L3 Property lists
L3 Module: l3msg 2016/08/19 v6691 L3 Messages
L3 Module: l3file 2016/08/19 v6685 L3 File and I/O operations
\l_iow_line_count_int=\count120
\l__iow_target_count_int=\count121
\l__iow_current_line_int=\count122
\l__iow_current_word_int=\count123
\l__iow_current_indentation_int=\count124
L3 Module: l3skip 2016/08/19 v6692 L3 Dimensions and skips
\c_zero_dim=\dimen133
\c_max_dim=\dimen134
\l_tmpa_dim=\dimen135
\l_tmpb_dim=\dimen136
\g_tmpa_dim=\dimen137
\g_tmpb_dim=\dimen138
\c_zero_skip=\skip46
\c_max_skip=\skip47
\l_tmpa_skip=\skip48
\l_tmpb_skip=\skip49
\g_tmpa_skip=\skip50
\g_tmpb_skip=\skip51
\c_zero_muskip=\muskip11
\c_max_muskip=\muskip12
\l_tmpa_muskip=\muskip13
\l_tmpb_muskip=\muskip14
\g_tmpa_muskip=\muskip15
\g_tmpb_muskip=\muskip16
L3 Module: l3keys 2016/09/21 v6711 L3 Key-value interfaces
\l_keys_choice_int=\count125
L3 Module: l3fp 2016/11/21 v6761 L3 Floating points
\c__fp_leading_shift_int=\count126
\c__fp_middle_shift_int=\count127
\c__fp_trailing_shift_int=\count128
\c__fp_big_leading_shift_int=\count129
\c__fp_big_middle_shift_int=\count130
\c__fp_big_trailing_shift_int=\count131
\c__fp_Bigg_leading_shift_int=\count132
\c__fp_Bigg_middle_shift_int=\count133
\c__fp_Bigg_trailing_shift_int=\count134
L3 Module: l3box 2016/08/19 v6685 L3 Experimental boxes
\c_empty_box=\box44
\l_tmpa_box=\box45
\l_tmpb_box=\box46
\g_tmpa_box=\box47
\g_tmpb_box=\box48
L3 Module: l3coffins 2016/08/19 v6685 L3 Coffin code layer
\l__coffin_internal_box=\box49
\l__coffin_internal_dim=\dimen139
\l__coffin_offset_x_dim=\dimen140
\l__coffin_offset_y_dim=\dimen141
\l__coffin_x_dim=\dimen142
\l__coffin_y_dim=\dimen143
\l__coffin_x_prime_dim=\dimen144
\l__coffin_y_prime_dim=\dimen145
\c_empty_coffin=\box50
\l__coffin_aligned_coffin=\box51
\l__coffin_aligned_internal_coffin=\box52
\l_tmpa_coffin=\box53
\l_tmpb_coffin=\box54
\l__coffin_display_coffin=\box55
\l__coffin_display_coord_coffin=\box56
\l__coffin_display_pole_coffin=\box57
\l__coffin_display_offset_dim=\dimen146
\l__coffin_display_x_dim=\dimen147
\l__coffin_display_y_dim=\dimen148
L3 Module: l3color 2016/06/13 v6596 L3 Experimental color support
L3 Module: l3sys 2015/09/25 v6087 L3 Experimental system/runtime functions
L3 Module: l3candidates 2016/08/19 v6688 L3 Experimental additions to l3kernel
\l__box_top_dim=\dimen149
\l__box_bottom_dim=\dimen150
\l__box_left_dim=\dimen151
\l__box_right_dim=\dimen152
\l__box_top_new_dim=\dimen153
\l__box_bottom_new_dim=\dimen154
\l__box_left_new_dim=\dimen155
\l__box_right_new_dim=\dimen156
\l__box_internal_box=\box58
\l__coffin_bounding_shift_dim=\dimen157
\l__coffin_left_corner_dim=\dimen158
\l__coffin_right_corner_dim=\dimen159
\l__coffin_bottom_corner_dim=\dimen160
\l__coffin_top_corner_dim=\dimen161
\l__coffin_scaled_total_height_dim=\dimen162
\l__coffin_scaled_width_dim=\dimen163
L3 Module: l3luatex 2016/08/18 v6679 L3 Experimental LuaTeX-specific functions
) (/usr/share/texlive/texmf-dist/tex/latex/l3kernel/l3pdfmode.def
File: l3pdfmode.def 2016/08/18 v6679 L3 Experimental driver: PDF mode
\l__driver_color_stack_int=\count135
\l__driver_tmp_box=\box59
)) (/usr/share/texlive/texmf-dist/tex/latex/l3packages/xparse/xparse.sty
Package: xparse 2016/11/21 v6760 L3 Experimental document command parser
\l__xparse_current_arg_int=\count136
\l__xparse_m_args_int=\count137
\l__xparse_mandatory_args_int=\count138
\l__xparse_processor_int=\count139
\l__xparse_v_nesting_int=\count140
)
Package: fontspec 2017/02/12 v2.6 Font selection for XeLaTeX and LuaLaTeX
Lua module: fontspec 2017/02/12 2.6 Font selection for XeLaTeX and LuaLaTeX (/u
sr/share/texlive/texmf-dist/tex/latex/fontspec/fontspec-luatex.sty
Package: fontspec-luatex 2017/02/12 v2.6 Font selection for XeLaTeX and LuaLaTeX

\l__fontspec_script_int=\count141
\l__fontspec_language_int=\count142
\l__fontspec_strnum_int=\count143
\l__fontspec_tmp_int=\count144
\l__fontspec_em_int=\count145
\l__fontspec_emdef_int=\count146
\l__fontspec_strong_int=\count147
\l__fontspec_strongdef_int=\count148
\l__fontspec_tmpa_dim=\dimen164
\l__fontspec_tmpb_dim=\dimen165
\l__fontspec_tmpc_dim=\dimen166
\g__file_internal_ior=\read1
(/usr/share/texlive/texmf-dist/tex/latex/base/fontenc.sty
Package: fontenc 2017/02/22 v2.0g Standard LaTeX package
(/usr/share/texlive/texmf-dist/tex/latex/base/tuenc.def
File: tuenc.def 2017/02/22 v2.0g Standard LaTeX file
LaTeX Font Info:    Redeclaring font encoding TU on input line 82.
))
.................................................
. LaTeX info: "xparse/define-command"
. 
. Defining command \fontspec with sig. 'O{}mO{}' on line 478.
.................................................
.................................................
. LaTeX info: "xparse/define-command"
. 
. Defining command \setmainfont with sig. 'O{}mO{}' on line 494.
.................................................
.................................................
. LaTeX info: "xparse/define-command"
. 
. Defining command \setsansfont with sig. 'O{}mO{}' on line 510.
.................................................
.................................................
. LaTeX info: "xparse/define-command"
. 
. Defining command \setmonofont with sig. 'O{}mO{}' on line 526.
.................................................
.................................................
. LaTeX info: "xparse/define-command"
. 
. Defining command \setmathrm with sig. 'O{}mO{}' on line 531.
.................................................
.................................................
. LaTeX info: "xparse/define-command"
. 
. Defining command \setboldmathrm with sig. 'O{}mO{}' on line 536.
.................................................
.................................................
. LaTeX info: "xparse/define-command"
. 
. Defining command \setmathsf with sig. 'O{}mO{}' on line 541.
.................................................
.................................................
. LaTeX info: "xparse/define-command"
. 
. Defining command \setmathtt with sig. 'O{}mO{}' on line 546.
.................................................
.................................................
. LaTeX info: "xparse/define-command"
. 
. Defining command \newfontfamily with sig. 'mO{}mO{}' on line 566.
.................................................
.................................................
. LaTeX info: "xparse/define-command"
. 
. Defining command \newfontface with sig. 'mO{}mO{}' on line 570.
.................................................
.................................................
. LaTeX info: "xparse/define-command"
. 
. Defining command \defaultfontfeatures with sig. 't+om' on line 577.
.................................................
.................................................
. LaTeX info: "xparse/define-command"
. 
. Defining command \addfontfeatures with sig. 'm' on line 626.
.................................................
.................................................
. LaTeX info: "xparse/define-command"
. 
. Defining command \newfontfeature with sig. 'mm' on line 637.
.................................................
.................................................
. LaTeX info: "xparse/define-command"
. 
. Defining command \newAATfeature with sig. 'mmmm' on line 645.
.................................................
.................................................
. LaTeX info: "xparse/define-command"
. 
. Defining command \newopentypefeature with sig. 'mmm' on line 655.
.................................................
.................................................
. LaTeX info: "xparse/define-command"
. 
. Defining command \aliasfontfeature with sig. 'mm' on line 678.
.................................................
.................................................
. LaTeX info: "xparse/define-command"
. 
. Defining command \aliasfontfeatureoption with sig. 'mmm' on line 695.
.................................................
.................................................
. LaTeX info: "xparse/define-command"
. 
. Defining command \newfontscript with sig. 'mm' on line 699.
.................................................
.................................................
. LaTeX info: "xparse/define-command"
. 
. Defining command \newfontlanguage with sig. 'mm' on line 703.
.................................................
.................................................
. LaTeX info: "xparse/define-command"
. 
. Defining command \DeclareFontsExtensions with sig. 'm' on line 708.
.................................................
.................................................
. LaTeX info: "xparse/define-command"
. 
. Defining command \IfFontFeatureActiveTF with sig. 'mmm' on line 714.
.................................................
.................................................
. LaTeX info: "xparse/define-command"
. 
. Defining command \EncodingCommand with sig. 'mO{}m' on line 3062.
.................................................
.................................................
. LaTeX info: "xparse/define-command"
. 
. Defining command \EncodingAccent with sig. 'mm' on line 3068.
.................................................
.................................................
. LaTeX info: "xparse/define-command"
. 
. Defining command \EncodingSymbol with sig. 'mm' on line 3074.
.................................................
.................................................
. LaTeX info: "xparse/define-command"
. 
. Defining command \EncodingComposite with sig. 'mmm' on line 3080.
.................................................
.................................................
. LaTeX info: "xparse/define-command"
. 
. Defining command \EncodingCompositeCommand with sig. 'mmm' on line 3086.
.................................................
.................................................
. LaTeX info: "xparse/define-command"
. 
. Defining command \DeclareUnicodeEncoding with sig. 'mm' on line 3111.
.................................................
.................................................
. LaTeX info: "xparse/define-command"
. 
. Defining command \UndeclareSymbol with sig. 'm' on line 3117.
.................................................
.................................................
. LaTeX info: "xparse/define-command"
. 
. Defining command \UndeclareComposite with sig. 'mm' on line 3125.
.................................................
(/usr/share/texlive/texmf-dist/tex/latex/fontspec/fontspec.cfg)
LaTeX Info: Redefining \itshape on input line 3310.
LaTeX Info: Redefining \slshape on input line 3315.
LaTeX Info: Redefining \scshape on input line 3320.
LaTeX Info: Redefining \upshape on input line 3325.
LaTeX Info: Redefining \em on input line 3355.
LaTeX Info: Redefining \emph on input line 3380.
(compiling luc: /var/lib/texmf/luatex-cache/generic/fonts/otl/lmroman10-bold.luc
)(load luc: /home/ishii/.texlive2016/texmf-var/luatex-cache/generic/fonts/otl/lm
roman10-bold.luc)(load cache: /home/ishii/.texlive2016/texmf-var/luatexja/extra_
lmroman10-bold.luc)
LaTeX Font Info:    Font shape `JT3/mc/bx/n' in size <10> not available
(Font)              Font shape `JT3/gt/m/n' tried instead on input line 3429.
LaTeX Font Info:    Font shape `JT3/gt/m/n' will be
(Font)              scaled to size 9.6222pt on input line 3429.
(compiling luc: /var/lib/texmf/luatex-cache/generic/fonts/otl/ipaexg.luc)(load l
uc: /home/ishii/.texlive2016/texmf-var/luatex-cache/generic/fonts/otl/ipaexg.luc
)(save: /home/ishii/.texlive2016/texmf-var/luatex-cache/generic/fonts/otl/ipaexg
.lua)(save: /home/ishii/.texlive2016/texmf-var/luatex-cache/generic/fonts/otl/ip
aexg.luc)(load cache: /home/ishii/.texlive2016/texmf-var/luatexja/extra_ipaexg.l
uc)
LaTeX Font Info:    Font shape `JY3/mc/bx/n' in size <10> not available
(Font)              Font shape `JY3/gt/m/n' tried instead on input line 3429.
LaTeX Font Info:    Font shape `JY3/gt/m/n' will be
(Font)              scaled to size 9.6222pt on input line 3429.
(compiling luc: /var/lib/texmf/luatex-cache/generic/fonts/otl/lmroman10-italic.l
uc)(load luc: /home/ishii/.texlive2016/texmf-var/luatex-cache/generic/fonts/otl/
lmroman10-italic.luc)(load cache: /home/ishii/.texlive2016/texmf-var/luatexja/ex
tra_lmroman10-italic.luc)

LaTeX Font Warning: Font shape `JT3/mc/m/it' undefined
(Font)              using `JT3/mc/m/n' instead on input line 3430.


LaTeX Font Warning: Font shape `JY3/mc/m/it' undefined
(Font)              using `JY3/mc/m/n' instead on input line 3430.

LaTeX Info: Redefining \- on input line 3431.
.................................................
. LaTeX info: "xparse/redefine-command"
. 
. Redefining command \oldstylenums with sig. 'm' on line 3526.
.................................................
.................................................
. LaTeX info: "xparse/define-command"
. 
. Defining command \liningnums with sig. 'm' on line 3530.
.................................................
))(save: /home/ishii/.texlive2016/texmf-var/luatex-cache/generic/fonts/otl/ipaex
g.lua)(save: /home/ishii/.texlive2016/texmf-var/luatex-cache/generic/fonts/otl/i
paexg.luc)
.................................................
. fontspec info: "set-scale"
. 
. ipaexg scale = 0.8487379807692308.
.................................................
\g__fontspec_family_ipaexg.ttf_int=\count149
.................................................
. fontspec info: "set-scale"
. 
. ipaexg scale = 0.8487379807692308.
.................................................
luaotfload | aux : font no 25 (<unknown>) does not define feature smcp for scrip
t latn with language dflt
luaotfload | aux : no font with id 25
.................................................
. fontspec info: "defining-font"
. 
. Font family 'ipaexg.ttf(0)' created for font 'ipaexg.ttf' with options
. [Ligatures=TeX,Scale=MatchLowercase,Ligatures=TeX].
.  
.  This font family consists of the following NFSS series/shapes:
.  
. - 'normal' (m/n) with NFSS spec.:
. <->s*[0.8487379807692308]"[ipaexg.ttf]:mode=node;script=latn;language=DFLT;+tl
ig;"
. - 'small caps'  (m/sc) with NFSS spec.: 
.................................................
LaTeX Info: Redefining \rmfamily on input line 16.
LaTeX Font Info:    Font shape `TU/ipaexg.ttf(0)/m/n' will be
(Font)              scaled to size 8.4874pt on input line 16.
(/usr/share/texlive/texmf-dist/tex/latex/upquote/upquote.sty
Package: upquote 2012/04/19 v1.3 upright-quote and grave-accent glyphs in verbat
im
(/usr/share/texlive/texmf-dist/tex/latex/base/textcomp.sty
Package: textcomp 2017/02/22 v2.0g Standard LaTeX package
Package textcomp Info: Sub-encoding information:
(textcomp)               5 = only ISO-Adobe without \textcurrency
(textcomp)               4 = 5 + \texteuro
(textcomp)               3 = 4 + \textohm
(textcomp)               2 = 3 + \textestimated + \textcurrency
(textcomp)               1 = TS1 - \textcircled - \t
(textcomp)               0 = TS1 (full)
(textcomp)             Font families with sub-encoding setting implement
(textcomp)             only a restricted character set as indicated.
(textcomp)             Family '?' is the default used for unknown fonts.
(textcomp)             See the documentation for details.
Package textcomp Info: Setting ? sub-encoding to TS1/1 on input line 79.
(/usr/share/texlive/texmf-dist/tex/latex/base/ts1enc.def
File: ts1enc.def 2001/06/05 v3.0e (jk/car/fm) Standard LaTeX file
)
LaTeX Info: Redefining \oldstylenums on input line 334.
Package textcomp Info: Setting cmr sub-encoding to TS1/0 on input line 349.
Package textcomp Info: Setting cmss sub-encoding to TS1/0 on input line 350.
Package textcomp Info: Setting cmtt sub-encoding to TS1/0 on input line 351.
Package textcomp Info: Setting cmvtt sub-encoding to TS1/0 on input line 352.
Package textcomp Info: Setting cmbr sub-encoding to TS1/0 on input line 353.
Package textcomp Info: Setting cmtl sub-encoding to TS1/0 on input line 354.
Package textcomp Info: Setting ccr sub-encoding to TS1/0 on input line 355.
Package textcomp Info: Setting ptm sub-encoding to TS1/4 on input line 356.
Package textcomp Info: Setting pcr sub-encoding to TS1/4 on input line 357.
Package textcomp Info: Setting phv sub-encoding to TS1/4 on input line 358.
Package textcomp Info: Setting ppl sub-encoding to TS1/3 on input line 359.
Package textcomp Info: Setting pag sub-encoding to TS1/4 on input line 360.
Package textcomp Info: Setting pbk sub-encoding to TS1/4 on input line 361.
Package textcomp Info: Setting pnc sub-encoding to TS1/4 on input line 362.
Package textcomp Info: Setting pzc sub-encoding to TS1/4 on input line 363.
Package textcomp Info: Setting bch sub-encoding to TS1/4 on input line 364.
Package textcomp Info: Setting put sub-encoding to TS1/5 on input line 365.
Package textcomp Info: Setting uag sub-encoding to TS1/5 on input line 366.
Package textcomp Info: Setting ugq sub-encoding to TS1/5 on input line 367.
Package textcomp Info: Setting ul8 sub-encoding to TS1/4 on input line 368.
Package textcomp Info: Setting ul9 sub-encoding to TS1/4 on input line 369.
Package textcomp Info: Setting augie sub-encoding to TS1/5 on input line 370.
Package textcomp Info: Setting dayrom sub-encoding to TS1/3 on input line 371.
Package textcomp Info: Setting dayroms sub-encoding to TS1/3 on input line 372.
Package textcomp Info: Setting pxr sub-encoding to TS1/0 on input line 373.
Package textcomp Info: Setting pxss sub-encoding to TS1/0 on input line 374.
Package textcomp Info: Setting pxtt sub-encoding to TS1/0 on input line 375.
Package textcomp Info: Setting txr sub-encoding to TS1/0 on input line 376.
Package textcomp Info: Setting txss sub-encoding to TS1/0 on input line 377.
Package textcomp Info: Setting txtt sub-encoding to TS1/0 on input line 378.
Package textcomp Info: Setting lmr sub-encoding to TS1/0 on input line 379.
Package textcomp Info: Setting lmdh sub-encoding to TS1/0 on input line 380.
Package textcomp Info: Setting lmss sub-encoding to TS1/0 on input line 381.
Package textcomp Info: Setting lmssq sub-encoding to TS1/0 on input line 382.
Package textcomp Info: Setting lmvtt sub-encoding to TS1/0 on input line 383.
Package textcomp Info: Setting lmtt sub-encoding to TS1/0 on input line 384.
Package textcomp Info: Setting qhv sub-encoding to TS1/0 on input line 385.
Package textcomp Info: Setting qag sub-encoding to TS1/0 on input line 386.
Package textcomp Info: Setting qbk sub-encoding to TS1/0 on input line 387.
Package textcomp Info: Setting qcr sub-encoding to TS1/0 on input line 388.
Package textcomp Info: Setting qcs sub-encoding to TS1/0 on input line 389.
Package textcomp Info: Setting qpl sub-encoding to TS1/0 on input line 390.
Package textcomp Info: Setting qtm sub-encoding to TS1/0 on input line 391.
Package textcomp Info: Setting qzc sub-encoding to TS1/0 on input line 392.
Package textcomp Info: Setting qhvc sub-encoding to TS1/0 on input line 393.
Package textcomp Info: Setting futs sub-encoding to TS1/4 on input line 394.
Package textcomp Info: Setting futx sub-encoding to TS1/4 on input line 395.
Package textcomp Info: Setting futj sub-encoding to TS1/4 on input line 396.
Package textcomp Info: Setting hlh sub-encoding to TS1/3 on input line 397.
Package textcomp Info: Setting hls sub-encoding to TS1/3 on input line 398.
Package textcomp Info: Setting hlst sub-encoding to TS1/3 on input line 399.
Package textcomp Info: Setting hlct sub-encoding to TS1/5 on input line 400.
Package textcomp Info: Setting hlx sub-encoding to TS1/5 on input line 401.
Package textcomp Info: Setting hlce sub-encoding to TS1/5 on input line 402.
Package textcomp Info: Setting hlcn sub-encoding to TS1/5 on input line 403.
Package textcomp Info: Setting hlcw sub-encoding to TS1/5 on input line 404.
Package textcomp Info: Setting hlcf sub-encoding to TS1/5 on input line 405.
Package textcomp Info: Setting pplx sub-encoding to TS1/3 on input line 406.
Package textcomp Info: Setting pplj sub-encoding to TS1/3 on input line 407.
Package textcomp Info: Setting ptmx sub-encoding to TS1/4 on input line 408.
Package textcomp Info: Setting ptmj sub-encoding to TS1/4 on input line 409.
)) (/usr/share/texlive/texmf-dist/tex/latex/microtype/microtype.sty
Package: microtype 2016/05/14 v2.6a Micro-typographical refinements (RS)
\MT@toks=\toks30
\MT@count=\count150
LaTeX Info: Redefining \textls on input line 774.
\MT@outer@kern=\dimen167
LaTeX Info: Redefining \textmicrotypecontext on input line 1310.
\MT@listname@count=\count151
(/usr/share/texlive/texmf-dist/tex/latex/microtype/microtype-luatex.def
File: microtype-luatex.def 2016/05/14 v2.6a Definitions specific to luatex (RS)
Lua module: microtype 2016/05/14 2.6a microtype module.
LaTeX Info: Redefining \lsstyle on input line 674.
LaTeX Info: Redefining \lslig on input line 674.
\MT@outer@space=\skip52
)
Package microtype Info: Loading configuration file microtype.cfg.
(/usr/share/texlive/texmf-dist/tex/latex/microtype/microtype.cfg
File: microtype.cfg 2016/05/14 v2.6a microtype main configuration file (RS)
)) (/usr/share/texlive/texmf-dist/tex/latex/hyperref/hyperref.sty
Package: hyperref 2016/06/24 v6.83q Hypertext links for LaTeX
(/usr/share/texlive/texmf-dist/tex/generic/oberdiek/hobsub-hyperref.sty
Package: hobsub-hyperref 2016/05/16 v1.14 Bundle oberdiek, subset hyperref (HO)
(/usr/share/texlive/texmf-dist/tex/generic/oberdiek/hobsub-generic.sty
Package: hobsub-generic 2016/05/16 v1.14 Bundle oberdiek, subset generic (HO)
Package: hobsub 2016/05/16 v1.14 Construct package bundles (HO)
Package hobsub Info: Skipping package `infwarerr' (already loaded).
Package hobsub Info: Skipping package `ltxcmds' (already loaded).
Package hobsub Info: Skipping package `ifluatex' (already loaded).
Package: ifvtex 2016/05/16 v1.6 Detect VTeX and its facilities (HO)
Package ifvtex Info: VTeX not detected.
Package: intcalc 2016/05/16 v1.2 Expandable calculations with integers (HO)
Package hobsub Info: Skipping package `ifpdf' (already loaded).
Package: etexcmds 2016/05/16 v1.6 Avoid name clashes with e-TeX commands (HO)
Package: kvsetkeys 2016/05/16 v1.17 Key value parser (HO)
Package: kvdefinekeys 2016/05/16 v1.4 Define keys (HO)
Package hobsub Info: Skipping package `luatex-loader' (already loaded).
Package hobsub Info: Skipping package `pdftexcmds' (already loaded).
Package: pdfescape 2016/05/16 v1.14 Implements pdfTeX's escape features (HO)
Package: bigintcalc 2016/05/16 v1.4 Expandable calculations on big integers (HO)

Package: bitset 2016/05/16 v1.2 Handle bit-vector datatype (HO)
Package: uniquecounter 2016/05/16 v1.3 Provide unlimited unique counter (HO)
)
Package hobsub Info: Skipping package `hobsub' (already loaded).
Package: letltxmacro 2016/05/16 v1.5 Let assignment for LaTeX macros (HO)
Package: hopatch 2016/05/16 v1.3 Wrapper for package hooks (HO)
Package: xcolor-patch 2016/05/16 xcolor patch
Package: atveryend 2016/05/16 v1.9 Hooks at the very end of document (HO)
Package hobsub Info: Skipping package `atbegshi' (already loaded).
Package: refcount 2016/05/16 v3.5 Data extraction from label references (HO)
Package: hycolor 2016/05/16 v1.8 Color options for hyperref/bookmark (HO)
) (/usr/share/texlive/texmf-dist/tex/latex/oberdiek/auxhook.sty
Package: auxhook 2016/05/16 v1.4 Hooks for auxiliary files (HO)
) (/usr/share/texlive/texmf-dist/tex/latex/oberdiek/kvoptions.sty
Package: kvoptions 2016/05/16 v3.12 Key value format for package options (HO)
)
\@linkdim=\dimen168
\Hy@linkcounter=\count152
\Hy@pagecounter=\count153
(/usr/share/texlive/texmf-dist/tex/latex/hyperref/pd1enc.def
File: pd1enc.def 2016/06/24 v6.83q Hyperref: PDFDocEncoding definition (HO)
)
\Hy@SavedSpaceFactor=\count154
(/usr/share/texlive/texmf-dist/tex/latex/latexconfig/hyperref.cfg
File: hyperref.cfg 2002/06/06 v1.2 hyperref configuration of TeXLive
)
Package hyperref Info: Hyper figures OFF on input line 4486.
Package hyperref Info: Link nesting OFF on input line 4491.
Package hyperref Info: Hyper index ON on input line 4494.
Package hyperref Info: Plain pages OFF on input line 4501.
Package hyperref Info: Backreferencing OFF on input line 4506.
Package hyperref Info: Implicit mode ON; LaTeX internals redefined.
Package hyperref Info: Bookmarks ON on input line 4735.
\c@Hy@tempcnt=\count155
(/usr/share/texlive/texmf-dist/tex/latex/url/url.sty
\Urlmuskip=\muskip17
Package: url 2013/09/16  ver 3.4  Verb mode for urls, etc.
)
LaTeX Info: Redefining \url on input line 5088.
\XeTeXLinkMargin=\dimen169
\Fld@menulength=\count156
\Field@Width=\dimen170
\Fld@charsize=\dimen171
Package hyperref Info: Hyper figures OFF on input line 6342.
Package hyperref Info: Link nesting OFF on input line 6347.
Package hyperref Info: Hyper index ON on input line 6350.
Package hyperref Info: backreferencing OFF on input line 6357.
Package hyperref Info: Link coloring OFF on input line 6362.
Package hyperref Info: Link coloring with OCG OFF on input line 6367.
Package hyperref Info: PDF/A mode OFF on input line 6372.
LaTeX Info: Redefining \ref on input line 6412.
LaTeX Info: Redefining \pageref on input line 6416.
\Hy@abspage=\count157
\c@Item=\count158
\c@Hfootnote=\count159
)

Package hyperref Message: Driver (autodetected): hluatex.

(/usr/share/texlive/texmf-dist/tex/latex/hyperref/hluatex.def
File: hluatex.def 2016/06/24 v6.83q Hyperref driver for luaTeX
\Fld@listcount=\count160
\c@bookmark@seq@number=\count161
(/usr/share/texlive/texmf-dist/tex/latex/oberdiek/rerunfilecheck.sty
Package: rerunfilecheck 2016/05/16 v1.8 Rerun checks for auxiliary files (HO)
Package uniquecounter Info: New unique counter `rerunfilecheck' on input line 28
2.
)
\Hy@SectionHShift=\skip53
)
Package hyperref Info: Option `unicode' set `true' on input line 30.
(/usr/share/texlive/texmf-dist/tex/latex/hyperref/puenc.def
File: puenc.def 2016/06/24 v6.83q Hyperref: PDF Unicode definition (HO)
)
Package hyperref Info: Option `breaklinks' set `true' on input line 30.
(/usr/share/texlive/texmf-dist/tex/latex/graphics/color.sty
Package: color 2016/07/10 v1.1e Standard LaTeX Color (DPC)
(/usr/share/texlive/texmf-dist/tex/latex/graphics-cfg/color.cfg
File: color.cfg 2016/01/02 v1.6 sample color configuration
)
Package color Info: Driver file: luatex.def on input line 147.
(/usr/share/texlive/texmf-dist/tex/latex/graphics-def/luatex.def
File: luatex.def 2017/01/12 v0.01h Graphics/Color for luaTeX
\Gread@gobject=\count162
)) (/usr/share/texlive/texmf-dist/tex/latex/fancyvrb/fancyvrb.sty
Package: fancyvrb 2008/02/07

Style option: `fancyvrb' v2.7a, with DG/SPQR fixes, and firstline=lastline fix 
<2008/02/07> (tvz)
\FV@CodeLineNo=\count163
\FV@InFile=\read2
\FV@TabBox=\box60
\c@FancyVerbLine=\count164
\FV@StepNumber=\count165
\FV@OutFile=\write3
) (/usr/share/texlive/texmf-dist/tex/latex/framed/framed.sty
Package: framed 2011/10/22 v 0.96: framed or shaded text with page breaks
\OuterFrameSep=\skip54
\fb@frw=\dimen172
\fb@frh=\dimen173
\FrameRule=\dimen174
\FrameSep=\dimen175
) (/usr/share/texlive/texmf-dist/tex/latex/tools/longtable.sty
Package: longtable 2014/10/28 v4.11 Multi-page Table package (DPC)
\LTleft=\skip55
\LTright=\skip56
\LTpre=\skip57
\LTpost=\skip58
\LTchunksize=\count166
\LTcapwidth=\dimen176
\LT@head=\box61
\LT@firsthead=\box62
\LT@foot=\box63
\LT@lastfoot=\box64
\LT@cols=\count167
\LT@rows=\count168
\c@LT@tables=\count169
\c@LT@chunks=\count170
\LT@p@ftn=\toks31
) (/usr/share/texlive/texmf-dist/tex/latex/booktabs/booktabs.sty
Package: booktabs 2016/04/27 v1.618033 publication quality tables
\heavyrulewidth=\dimen177
\lightrulewidth=\dimen178
\cmidrulewidth=\dimen179
\belowrulesep=\dimen180
\belowbottomsep=\dimen181
\aboverulesep=\dimen182
\abovetopsep=\dimen183
\cmidrulesep=\dimen184
\cmidrulekern=\dimen185
\defaultaddspace=\dimen186
\@cmidla=\count171
\@cmidlb=\count172
\@aboverulesep=\dimen187
\@belowrulesep=\dimen188
\@thisruleclass=\count173
\@lastruleclass=\count174
\@thisrulewidth=\dimen189
) (/usr/share/texlive/texmf-dist/tex/latex/graphics/graphicx.sty
Package: graphicx 2014/10/28 v1.0g Enhanced LaTeX Graphics (DPC,SPQR)
(/usr/share/texlive/texmf-dist/tex/latex/graphics/graphics.sty
Package: graphics 2016/10/09 v1.0u Standard LaTeX Graphics (DPC,SPQR)
(/usr/share/texlive/texmf-dist/tex/latex/graphics/trig.sty
Package: trig 2016/01/03 v1.10 sin cos tan (DPC)
) (/usr/share/texlive/texmf-dist/tex/latex/graphics-cfg/graphics.cfg
File: graphics.cfg 2016/06/04 v1.11 sample graphics configuration
)
Package graphics Info: Driver file: luatex.def on input line 99.
)
\Gin@req@height=\dimen190
\Gin@req@width=\dimen191
) (/usr/share/texlive/texmf-dist/tex/latex/oberdiek/grffile.sty
Package: grffile 2016/05/16 v1.17 Extended file name support for graphics (HO)
Package grffile Info: Option `multidot' is set to `true'.
Package grffile Info: Option `extendedchars' is set to `false'.
Package grffile Info: Option `space' is set to `true'.
Package grffile Info: \Gin@ii of package `graphicx' fixed on input line 486.
) (/usr/share/texlive/texmf-dist/tex/latex/parskip/parskip.sty
Package: parskip 2001/04/09 non-zero parskip adjustments
) (/usr/share/texlive/texmf-dist/tex/latex/titling/titling.sty
Package: titling 2009/09/04 v2.1d maketitle typesetting
\thanksmarkwidth=\skip59
\thanksmargin=\skip60
\droptitle=\skip61
) (/usr/share/texlive/texmf-dist/tex/latex/geometry/geometry.sty
Package: geometry 2010/09/12 v5.6 Page Geometry
\Gm@cnth=\count175
\Gm@cntv=\count176
\c@Gm@tempcnt=\count177
\Gm@bindingoffset=\dimen192
\Gm@wd@mp=\dimen193
\Gm@odd@mp=\dimen194
\Gm@even@mp=\dimen195
\Gm@layoutwidth=\dimen196
\Gm@layoutheight=\dimen197
\Gm@layouthoffset=\dimen198
\Gm@layoutvoffset=\dimen199
\Gm@dimlist=\toks32
) (./考古学のための統計講座.aux)
\openout1 = 考古学のための統計講座.aux

LaTeX Font Info:    Checking defaults for OML/cmm/m/it on input line 129.
LaTeX Font Info:    ... okay on input line 129.
LaTeX Font Info:    Checking defaults for T1/cmr/m/n on input line 129.
LaTeX Font Info:    ... okay on input line 129.
LaTeX Font Info:    Checking defaults for OT1/cmr/m/n on input line 129.
LaTeX Font Info:    ... okay on input line 129.
LaTeX Font Info:    Checking defaults for OMS/cmsy/m/n on input line 129.
LaTeX Font Info:    ... okay on input line 129.
LaTeX Font Info:    Checking defaults for TU/lmr/m/n on input line 129.
LaTeX Font Info:    ... okay on input line 129.
LaTeX Font Info:    Checking defaults for OMX/cmex/m/n on input line 129.
LaTeX Font Info:    ... okay on input line 129.
LaTeX Font Info:    Checking defaults for U/cmr/m/n on input line 129.
LaTeX Font Info:    ... okay on input line 129.
LaTeX Font Info:    Checking defaults for JY3/mc/m/n on input line 129.
LaTeX Font Info:    ... okay on input line 129.
LaTeX Font Info:    Checking defaults for JT3/mc/m/n on input line 129.
LaTeX Font Info:    ... okay on input line 129.
LaTeX Font Info:    Checking defaults for TS1/cmr/m/n on input line 129.
LaTeX Font Info:    Try loading font information for TS1+cmr on input line 129.
(/usr/share/texlive/texmf-dist/tex/latex/base/ts1cmr.fd
File: ts1cmr.fd 2014/09/29 v2.5h Standard LaTeX font definitions
)
LaTeX Font Info:    ... okay on input line 129.
LaTeX Font Info:    Checking defaults for PD1/pdf/m/n on input line 129.
LaTeX Font Info:    ... okay on input line 129.
LaTeX Font Info:    Checking defaults for PU/pdf/m/n on input line 129.
LaTeX Font Info:    ... okay on input line 129.
(/usr/share/texlive/texmf-dist/tex/luatex/luatexja/patches/lltjp-fontspec.sty
Package: lltjp-fontspec 2016/10/12 Patch to fontspec for LuaTeX-ja
)
\AtBeginShipoutBox=\box65
ABD: EverySelectfont initializing macros
LaTeX Info: Redefining \selectfont on input line 129.
LaTeX Info: Redefining \microtypecontext on input line 129.
Package microtype Info: Generating PDF output.
Package microtype Info: Character protrusion enabled (level 2).
Package microtype Info: Using protrusion set `basicmath'.
Package microtype Info: Automatic font expansion enabled (level 2),
(microtype)             stretch: 20, shrink: 20, step: 1, non-selected.
Package microtype Info: Using default expansion set `basictext'.
Package microtype Info: No adjustment of tracking.
Package microtype Info: No adjustment of spacing.
Package microtype Info: No adjustment of kerning.
Package microtype Info: Loading generic settings for font family
(microtype)             `ipaexg.ttf' (encoding: TU).
(microtype)             For optimal results, create family-specific settings.
(microtype)             See the microtype manual for details.

Package microtype Warning: One or more slots in the configuration are unknown.
(microtype)                Make sure that no text commands are used.
(microtype)                See the documentation for details (the note
(microtype)                on `luatexja' in section 9: `Hints and caveats').

Package hyperref Info: Link coloring OFF on input line 129.
(/usr/share/texlive/texmf-dist/tex/latex/hyperref/nameref.sty
Package: nameref 2016/05/21 v2.44 Cross-referencing by name of section
(/usr/share/texlive/texmf-dist/tex/generic/oberdiek/gettitlestring.sty
Package: gettitlestring 2016/05/16 v1.5 Cleanup title references (HO)
)
\c@section@level=\count178
)
LaTeX Info: Redefining \ref on input line 129.
LaTeX Info: Redefining \pageref on input line 129.
LaTeX Info: Redefining \nameref on input line 129.
(./考古学のための統計講座.out) (./考古学のための統計講座.
out)
\@outlinefile=\write4

\openout4 = 考古学のための統計講座.out
(/usr/share/texlive/texmf-dist/tex/context/base/mkii/supp-pdf.mkii
[Loading MPS to PDF converter (version 2006.09.02).]
\scratchcounter=\count179
\scratchdimen=\dimen256
\scratchbox=\box66
\nofMPsegments=\count180
\nofMParguments=\count181
\everyMPshowfont=\toks33
\MPscratchCnt=\count182
\MPscratchDim=\dimen257
\MPnumerator=\count183
\makeMPintoPDFobject=\count184
\everyMPtoPDFconversion=\toks34
) (/usr/share/texlive/texmf-dist/tex/latex/oberdiek/epstopdf-base.sty
Package: epstopdf-base 2016/05/15 v2.6 Base part for package epstopdf
(/usr/share/texlive/texmf-dist/tex/latex/oberdiek/grfext.sty
Package: grfext 2016/05/16 v1.2 Manage graphics extensions (HO)
)
Package epstopdf-base Info: Redefining graphics rule for `.eps' on input line 43
8.
Package grfext Info: Graphics extension search list:
(grfext)             [.png,.pdf,.jpg,.mps,.jpeg,.jbig2,.jb2,.PNG,.PDF,.JPG,.JPEG
,.JBIG2,.JB2,.eps]
(grfext)             \AppendGraphicsExtensions on input line 456.
(/usr/share/texlive/texmf-dist/tex/latex/latexconfig/epstopdf-sys.cfg
File: epstopdf-sys.cfg 2010/07/13 v1.3 Configuration of (r)epstopdf for TeX Live

))
*geometry* driver: auto-detecting
*geometry* detected driver: pdftex
*geometry* verbose mode - [ preamble ] result:
* driver: pdftex
* paper: <default>
* layout: <same size as paper>
* layoutoffset:(h,v)=(0.0pt,0.0pt)
* modes: 
* h-part:(L,W,R)=(72.26999pt, 452.9679pt, 72.26999pt)
* v-part:(T,H,B)=(72.26999pt, 700.50687pt, 72.26999pt)
* \paperwidth=597.50787pt
* \paperheight=845.04684pt
* \textwidth=452.9679pt
* \textheight=700.50687pt
* \oddsidemargin=0.0pt
* \evensidemargin=0.0pt
* \topmargin=-37.0pt
* \headheight=12.0pt
* \headsep=25.0pt
* \topskip=7.77591pt
* \footskip=30.0pt
* \marginparwidth=106.0pt
* \marginparsep=10.0pt
* \columnsep=10.0pt
* \skip\footins=9.0pt plus 4.0pt minus 2.0pt
* \hoffset=0.0pt
* \voffset=0.0pt
* \mag=1000
* \@twocolumnfalse
* \@twosidefalse
* \@mparswitchfalse
* \@reversemarginfalse
* (1in=72.27pt=25.4mm, 1cm=28.453pt)

LaTeX Font Info:    Font shape `TU/ipaexg.ttf(0)/m/n' will be
(Font)              scaled to size 17.60286pt on input line 130.
LaTeX Font Info:    Font shape `JT3/mc/m/n' will be
(Font)              scaled to size 19.95642pt on input line 130.
LaTeX Font Info:    Font shape `JY3/mc/m/n' will be
(Font)              scaled to size 19.95642pt on input line 130.
LaTeX Font Info:    Font shape `TU/ipaexg.ttf(0)/m/n' will be
(Font)              scaled to size 10.18488pt on input line 130.
LaTeX Font Info:    Font shape `JT3/mc/m/n' will be
(Font)              scaled to size 11.54663pt on input line 130.
LaTeX Font Info:    Font shape `JY3/mc/m/n' will be
(Font)              scaled to size 11.54663pt on input line 130.
LaTeX Font Info:    Font shape `JT3/gt/m/n' will be
(Font)              scaled to size 11.54663pt on input line 130.
LaTeX Font Info:    Font shape `JY3/gt/m/n' will be
(Font)              scaled to size 11.54663pt on input line 130.

LaTeX Font Warning: Font shape `TU/ipaexg.ttf(0)/m/it' undefined
(Font)              using `TU/ipaexg.ttf(0)/m/n' instead on input line 130.


LaTeX Font Warning: Font shape `JT3/gt/m/it' undefined
(Font)              using `JT3/gt/m/n' instead on input line 130.


LaTeX Font Warning: Font shape `JY3/gt/m/it' undefined
(Font)              using `JY3/gt/m/n' instead on input line 130.

(compiling luc: /var/lib/texmf/luatex-cache/generic/fonts/otl/lmmono10-regular.l
uc)(load luc: /home/ishii/.texlive2016/texmf-var/luatex-cache/generic/fonts/otl/
lmmono10-regular.luc)(load cache: /home/ishii/.texlive2016/texmf-var/luatexja/ex
tra_lmmono10-regular.luc)(compiling luc: /var/lib/texmf/luatex-cache/generic/fon
ts/otl/lmmono10-italic.luc)(load luc: /home/ishii/.texlive2016/texmf-var/luatex-
cache/generic/fonts/otl/lmmono10-italic.luc)(load cache: /home/ishii/.texlive201
6/texmf-var/luatexja/extra_lmmono10-italic.luc)
LaTeX Font Info:    Font shape `JT3/mc/m/it' will be
(Font)              scaled to size 9.6222pt on input line 134.
LaTeX Font Info:    Font shape `JY3/mc/m/it' will be
(Font)              scaled to size 9.6222pt on input line 134.
LaTeX Font Info:    Font shape `TU/lmtt/bx/n' in size <10> not available
(Font)              Font shape `TU/lmtt/b/n' tried instead on input line 135.
(compiling luc: /var/lib/texmf/luatex-cache/generic/fonts/otl/lmmonolt10-bold.lu
c)(load luc: /home/ishii/.texlive2016/texmf-var/luatex-cache/generic/fonts/otl/l
mmonolt10-bold.luc)(load cache: /home/ishii/.texlive2016/texmf-var/luatexja/extr
a_lmmonolt10-bold.luc)
LaTeX Font Info:    Font shape `TU/ipaexg.ttf(0)/m/n' will be
(Font)              scaled to size 12.22183pt on input line 151.
LaTeX Font Info:    Font shape `JT3/mc/m/n' will be
(Font)              scaled to size 13.85594pt on input line 151.
LaTeX Font Info:    Font shape `JY3/mc/m/n' will be
(Font)              scaled to size 13.85594pt on input line 151.

LaTeX Font Warning: Font shape `TU/ipaexg.ttf(0)/bx/n' undefined
(Font)              using `TU/ipaexg.ttf(0)/m/n' instead on input line 151.

LaTeX Font Info:    Font shape `JT3/mc/bx/n' in size <14.4> not available
(Font)              Font shape `JT3/gt/m/n' tried instead on input line 151.
LaTeX Font Info:    Font shape `JT3/gt/m/n' will be
(Font)              scaled to size 13.85594pt on input line 151.
LaTeX Font Info:    Font shape `JY3/mc/bx/n' in size <14.4> not available
(Font)              Font shape `JY3/gt/m/n' tried instead on input line 151.
LaTeX Font Info:    Font shape `JY3/gt/m/n' will be
(Font)              scaled to size 13.85594pt on input line 151.
LaTeX Font Info:    Font shape `TU/ipaexg.ttf(0)/bx/n' will be
(Font)              scaled to size 10.18488pt on input line 153.
LaTeX Font Info:    Font shape `JT3/mc/bx/n' in size <12> not available
(Font)              Font shape `JT3/gt/m/n' tried instead on input line 153.
LaTeX Font Info:    Font shape `JT3/gt/m/n' will be
(Font)              scaled to size 11.54663pt on input line 153.
LaTeX Font Info:    Font shape `JY3/mc/bx/n' in size <12> not available
(Font)              Font shape `JY3/gt/m/n' tried instead on input line 153.
LaTeX Font Info:    Font shape `JY3/gt/m/n' will be
(Font)              scaled to size 11.54663pt on input line 153.
LaTeX Font Info:    Font shape `TU/ipaexg.ttf(0)/bx/n' will be
(Font)              scaled to size 12.22183pt on input line 161.
[1

{/var/lib/texmf/fonts/map/pdftex/updmap/pdftex.map}]
<考古学のための統計講座_files/figure-latex/unnamed-chunk-2-1.pdf, id
=155, 705.63625pt x 421.575pt>
File: 考古学のための統計講座_files/figure-latex/unnamed-chunk-2-1.pdf
 Graphic file (type pdf)

<use 考古学のための統計講座_files/figure-latex/unnamed-chunk-2-1.pdf
>
Package luatex.def Info: 考古学のための統計講座_files/figure-latex/un
named-chunk-2-1.pdf used on input line 193.
(luatex.def)             Requested size: 452.97308pt x 270.62402pt.
[2<./考古学のための統計講座_files/figure-latex/unnamed-chunk-2-1.pdf>
]
<考古学のための統計講座_files/figure-latex/unnamed-chunk-3-1.pdf, id
=185, 705.63625pt x 415.5525pt>
File: 考古学のための統計講座_files/figure-latex/unnamed-chunk-3-1.pdf
 Graphic file (type pdf)

<use 考古学のための統計講座_files/figure-latex/unnamed-chunk-3-1.pdf
>
Package luatex.def Info: 考古学のための統計講座_files/figure-latex/un
named-chunk-3-1.pdf used on input line 218.
(luatex.def)             Requested size: 452.97308pt x 266.75797pt.

<考古学のための統計講座_files/figure-latex/unnamed-chunk-4-1.pdf, id
=186, 705.63625pt x 421.575pt>
File: 考古学のための統計講座_files/figure-latex/unnamed-chunk-4-1.pdf
 Graphic file (type pdf)

<use 考古学のための統計講座_files/figure-latex/unnamed-chunk-4-1.pdf
>
Package luatex.def Info: 考古学のための統計講座_files/figure-latex/un
named-chunk-4-1.pdf used on input line 233.
(luatex.def)             Requested size: 452.97308pt x 270.62402pt.
[3<./考古学のための統計講座_files/figure-latex/unnamed-chunk-3-1.pdf>
]
<考古学のための統計講座_files/figure-latex/unnamed-chunk-5-1.pdf, id
=215, 705.63625pt x 421.575pt>
File: 考古学のための統計講座_files/figure-latex/unnamed-chunk-5-1.pdf
 Graphic file (type pdf)

<use 考古学のための統計講座_files/figure-latex/unnamed-chunk-5-1.pdf
>
Package luatex.def Info: 考古学のための統計講座_files/figure-latex/un
named-chunk-5-1.pdf used on input line 254.
(luatex.def)             Requested size: 452.97308pt x 270.62402pt.
[4<./考古学のための統計講座_files/figure-latex/unnamed-chunk-4-1.pdf>
] [5<./考古学のための統計講座_files/figure-latex/unnamed-chunk-5-1.pd
f>] [6]
<考古学のための統計講座_files/figure-latex/unnamed-chunk-9-1.pdf, id
=278, 712.6625pt x 421.575pt>
File: 考古学のための統計講座_files/figure-latex/unnamed-chunk-9-1.pdf
 Graphic file (type pdf)

<use 考古学のための統計講座_files/figure-latex/unnamed-chunk-9-1.pdf
>
Package luatex.def Info: 考古学のための統計講座_files/figure-latex/un
named-chunk-9-1.pdf used on input line 365.
(luatex.def)             Requested size: 452.97064pt x 267.95445pt.

<考古学のための統計講座_files/figure-latex/unnamed-chunk-10-1.pdf, i
d=279, 712.6625pt x 424.58624pt>
File: 考古学のための統計講座_files/figure-latex/unnamed-chunk-10-1.pd
f Graphic file (type pdf)

<use 考古学のための統計講座_files/figure-latex/unnamed-chunk-10-1.pd
f>
Package luatex.def Info: 考古学のための統計講座_files/figure-latex/un
named-chunk-10-1.pdf used on input line 386.
(luatex.def)             Requested size: 452.97064pt x 269.86841pt.
[7<./考古学のための統計講座_files/figure-latex/unnamed-chunk-9-1.pdf>
]
<考古学のための統計講座_files/figure-latex/unnamed-chunk-11-1.pdf, i
d=308, 712.6625pt x 421.575pt>
File: 考古学のための統計講座_files/figure-latex/unnamed-chunk-11-1.pd
f Graphic file (type pdf)

<use 考古学のための統計講座_files/figure-latex/unnamed-chunk-11-1.pd
f>
Package luatex.def Info: 考古学のための統計講座_files/figure-latex/un
named-chunk-11-1.pdf used on input line 415.
(luatex.def)             Requested size: 452.97064pt x 267.95445pt.
[8<./考古学のための統計講座_files/figure-latex/unnamed-chunk-10-1.pdf
>] [9<./考古学のための統計講座_files/figure-latex/unnamed-chunk-11-1.
pdf>]
LaTeX Font Info:    Font shape `TU/ipaexg.ttf(0)/bx/n' will be
(Font)              scaled to size 8.4874pt on input line 447.

<考古学のための統計講座_files/figure-latex/unnamed-chunk-13-1.pdf, i
d=360, 705.63625pt x 421.575pt>
File: 考古学のための統計講座_files/figure-latex/unnamed-chunk-13-1.pd
f Graphic file (type pdf)

<use 考古学のための統計講座_files/figure-latex/unnamed-chunk-13-1.pd
f>
Package luatex.def Info: 考古学のための統計講座_files/figure-latex/un
named-chunk-13-1.pdf used on input line 472.
(luatex.def)             Requested size: 452.97308pt x 270.62402pt.
[10<./考古学のための統計講座_files/figure-latex/unnamed-chunk-13-1.pd
f>]
<考古学のための統計講座_files/figure-latex/unnamed-chunk-14-1.pdf, i
d=383, 705.63625pt x 421.575pt>
File: 考古学のための統計講座_files/figure-latex/unnamed-chunk-14-1.pd
f Graphic file (type pdf)

<use 考古学のための統計講座_files/figure-latex/unnamed-chunk-14-1.pd
f>
Package luatex.def Info: 考古学のための統計講座_files/figure-latex/un
named-chunk-14-1.pdf used on input line 492.
(luatex.def)             Requested size: 452.97308pt x 270.62402pt.
[11<./考古学のための統計講座_files/figure-latex/unnamed-chunk-14-1.pd
f>]
<考古学のための統計講座_files/figure-latex/unnamed-chunk-15-1.pdf, i
d=407, 705.63625pt x 421.575pt>
File: 考古学のための統計講座_files/figure-latex/unnamed-chunk-15-1.pd
f Graphic file (type pdf)

<use 考古学のための統計講座_files/figure-latex/unnamed-chunk-15-1.pd
f>
Package luatex.def Info: 考古学のための統計講座_files/figure-latex/un
named-chunk-15-1.pdf used on input line 520.
(luatex.def)             Requested size: 452.97308pt x 270.62402pt.

<考古学のための統計講座_files/figure-latex/unnamed-chunk-16-1.pdf, i
d=408, 712.6625pt x 416.55624pt>
File: 考古学のための統計講座_files/figure-latex/unnamed-chunk-16-1.pd
f Graphic file (type pdf)

<use 考古学のための統計講座_files/figure-latex/unnamed-chunk-16-1.pd
f>
Package luatex.def Info: 考古学のための統計講座_files/figure-latex/un
named-chunk-16-1.pdf used on input line 537.
(luatex.def)             Requested size: 452.97064pt x 264.76451pt.
[12<./考古学のための統計講座_files/figure-latex/unnamed-chunk-15-1.pd
f>]
<考古学のための統計講座_files/figure-latex/unnamed-chunk-17-1.pdf, i
d=431, 705.63625pt x 421.575pt>
File: 考古学のための統計講座_files/figure-latex/unnamed-chunk-17-1.pd
f Graphic file (type pdf)

<use 考古学のための統計講座_files/figure-latex/unnamed-chunk-17-1.pd
f>
Package luatex.def Info: 考古学のための統計講座_files/figure-latex/un
named-chunk-17-1.pdf used on input line 564.
(luatex.def)             Requested size: 452.97308pt x 270.62402pt.
[13<./考古学のための統計講座_files/figure-latex/unnamed-chunk-16-1.pd
f>]
<考古学のための統計講座_files/figure-latex/unnamed-chunk-18-1.pdf, i
d=455, 705.63625pt x 421.575pt>
File: 考古学のための統計講座_files/figure-latex/unnamed-chunk-18-1.pd
f Graphic file (type pdf)

<use 考古学のための統計講座_files/figure-latex/unnamed-chunk-18-1.pd
f>
Package luatex.def Info: 考古学のための統計講座_files/figure-latex/un
named-chunk-18-1.pdf used on input line 580.
(luatex.def)             Requested size: 452.97308pt x 270.62402pt.
[14<./考古学のための統計講座_files/figure-latex/unnamed-chunk-17-1.pd
f><./考古学のための統計講座_files/figure-latex/unnamed-chunk-18-1.pdf
>]
<考古学のための統計講座_files/figure-latex/unnamed-chunk-18-2.pdf, i
d=508, 705.63625pt x 415.5525pt>
File: 考古学のための統計講座_files/figure-latex/unnamed-chunk-18-2.pd
f Graphic file (type pdf)

<use 考古学のための統計講座_files/figure-latex/unnamed-chunk-18-2.pd
f>
Package luatex.def Info: 考古学のための統計講座_files/figure-latex/un
named-chunk-18-2.pdf used on input line 595.
(luatex.def)             Requested size: 452.97308pt x 266.75797pt.
[15<./考古学のための統計講座_files/figure-latex/unnamed-chunk-18-2.pd
f>]
<考古学のための統計講座_files/figure-latex/unnamed-chunk-19-1.pdf, i
d=537, 705.63625pt x 421.575pt>
File: 考古学のための統計講座_files/figure-latex/unnamed-chunk-19-1.pd
f Graphic file (type pdf)

<use 考古学のための統計講座_files/figure-latex/unnamed-chunk-19-1.pd
f>
Package luatex.def Info: 考古学のための統計講座_files/figure-latex/un
named-chunk-19-1.pdf used on input line 630.
(luatex.def)             Requested size: 452.97308pt x 270.62402pt.

<考古学のための統計講座_files/figure-latex/unnamed-chunk-20-1.pdf, i
d=538, 705.63625pt x 421.575pt>
File: 考古学のための統計講座_files/figure-latex/unnamed-chunk-20-1.pd
f Graphic file (type pdf)

<use 考古学のための統計講座_files/figure-latex/unnamed-chunk-20-1.pd
f>
Package luatex.def Info: 考古学のための統計講座_files/figure-latex/un
named-chunk-20-1.pdf used on input line 646.
(luatex.def)             Requested size: 452.97308pt x 270.62402pt.
[16<./考古学のための統計講座_files/figure-latex/unnamed-chunk-19-1.pd
f>]
LaTeX Font Info:    Try loading font information for OT1+lmr on input line 671.
(/usr/share/texmf/tex/latex/lm/ot1lmr.fd
File: ot1lmr.fd 2009/10/30 v1.6 Font defs for Latin Modern
) (/usr/share/texlive/texmf-dist/tex/latex/microtype/mt-LatinModernRoman.cfg
File: mt-LatinModernRoman.cfg 2013/03/13 v1.0 microtype config. file: Latin Mode
rn Roman (RS)
)
LaTeX Font Info:    Try loading font information for OML+lmm on input line 671.
(/usr/share/texmf/tex/latex/lm/omllmm.fd
File: omllmm.fd 2009/10/30 v1.6 Font defs for Latin Modern
)
LaTeX Font Info:    Try loading font information for OMS+lmsy on input line 671.

(/usr/share/texmf/tex/latex/lm/omslmsy.fd
File: omslmsy.fd 2009/10/30 v1.6 Font defs for Latin Modern
)
LaTeX Font Info:    Try loading font information for OMX+lmex on input line 671.

(/usr/share/texmf/tex/latex/lm/omxlmex.fd
File: omxlmex.fd 2009/10/30 v1.6 Font defs for Latin Modern
)
LaTeX Font Info:    External font `lmex10' loaded for size
(Font)              <10> on input line 671.
LaTeX Font Info:    External font `lmex10' loaded for size
(Font)              <7> on input line 671.
LaTeX Font Info:    External font `lmex10' loaded for size
(Font)              <5> on input line 671.
LaTeX Font Info:    Font shape `JY3/mc/m/n' will be
(Font)              scaled to size 6.73553pt on input line 671.
LaTeX Font Info:    Font shape `JY3/mc/m/n' will be
(Font)              scaled to size 4.8111pt on input line 671.
LaTeX Font Info:    Try loading font information for U+msa on input line 671.
(/usr/share/texlive/texmf-dist/tex/latex/amsfonts/umsa.fd
File: umsa.fd 2013/01/14 v3.01 AMS symbols A
) (/usr/share/texlive/texmf-dist/tex/latex/microtype/mt-msa.cfg
File: mt-msa.cfg 2006/02/04 v1.1 microtype config. file: AMS symbols (a) (RS)
)
LaTeX Font Info:    Try loading font information for U+msb on input line 671.
(/usr/share/texlive/texmf-dist/tex/latex/amsfonts/umsb.fd
File: umsb.fd 2013/01/14 v3.01 AMS symbols B
) (/usr/share/texlive/texmf-dist/tex/latex/microtype/mt-msb.cfg
File: mt-msb.cfg 2005/06/01 v1.0 microtype config. file: AMS symbols (b) (RS)
)
<考古学のための統計講座_files/figure-latex/unnamed-chunk-22-1.pdf, i
d=567, 705.63625pt x 421.575pt>
File: 考古学のための統計講座_files/figure-latex/unnamed-chunk-22-1.pd
f Graphic file (type pdf)

<use 考古学のための統計講座_files/figure-latex/unnamed-chunk-22-1.pd
f>
Package luatex.def Info: 考古学のための統計講座_files/figure-latex/un
named-chunk-22-1.pdf used on input line 687.
(luatex.def)             Requested size: 452.97308pt x 270.62402pt.
[17<./考古学のための統計講座_files/figure-latex/unnamed-chunk-20-1.pd
f>]
LaTeX Font Info:    Font shape `TU/ipaexg.ttf(0)/m/it' will be
(Font)              scaled to size 8.4874pt on input line 702.
LaTeX Font Info:    Font shape `JT3/gt/m/it' will be
(Font)              scaled to size 9.6222pt on input line 702.
LaTeX Font Info:    Font shape `JY3/gt/m/it' will be
(Font)              scaled to size 9.6222pt on input line 702.

<考古学のための統計講座_files/figure-latex/unnamed-chunk-23-1.pdf, i
d=601, 705.63625pt x 421.575pt>
File: 考古学のための統計講座_files/figure-latex/unnamed-chunk-23-1.pd
f Graphic file (type pdf)

<use 考古学のための統計講座_files/figure-latex/unnamed-chunk-23-1.pd
f>
Package luatex.def Info: 考古学のための統計講座_files/figure-latex/un
named-chunk-23-1.pdf used on input line 715.
(luatex.def)             Requested size: 452.97308pt x 270.62402pt.
[18<./考古学のための統計講座_files/figure-latex/unnamed-chunk-22-1.pd
f>] [19<./考古学のための統計講座_files/figure-latex/unnamed-chunk-23-
1.pdf>]
<考古学のための統計講座_files/figure-latex/unnamed-chunk-24-1.pdf, i
d=658, 712.6625pt x 709.65125pt>
File: 考古学のための統計講座_files/figure-latex/unnamed-chunk-24-1.pd
f Graphic file (type pdf)

<use 考古学のための統計講座_files/figure-latex/unnamed-chunk-24-1.pd
f>
Package luatex.def Info: 考古学のための統計講座_files/figure-latex/un
named-chunk-24-1.pdf used on input line 756.
(luatex.def)             Requested size: 452.97064pt x 451.05667pt.
[20<./考古学のための統計講座_files/figure-latex/unnamed-chunk-24-1.pd
f>]
<考古学のための統計講座_files/figure-latex/unnamed-chunk-25-1.pdf, i
d=687, 712.6625pt x 566.115pt>
File: 考古学のための統計講座_files/figure-latex/unnamed-chunk-25-1.pd
f Graphic file (type pdf)

<use 考古学のための統計講座_files/figure-latex/unnamed-chunk-25-1.pd
f>
Package luatex.def Info: 考古学のための統計講座_files/figure-latex/un
named-chunk-25-1.pdf used on input line 776.
(luatex.def)             Requested size: 452.97064pt x 359.82455pt.
<fig/ccby.png, id=688, 97.0827pt x 33.9669pt>
File: fig/ccby.png Graphic file (type png)
<use fig/ccby.png>
Package luatex.def Info: fig/ccby.png used on input line 780.
(luatex.def)             Requested size: 97.0854pt x 33.96783pt.
Package atveryend Info: Empty hook `BeforeClearDocument' on input line 786.
[21<./考古学のための統計講座_files/figure-latex/unnamed-chunk-25-1.pd
f><./fig/ccby.png>]
Package atveryend Info: Empty hook `AfterLastShipout' on input line 786.
(./考古学のための統計講座.aux)
Package atveryend Info: Executing hook `AtVeryEndDocument' on input line 786.
Package atveryend Info: Executing hook `AtEndAfterFileList' on input line 786.
Package rerunfilecheck Info: File `考古学のための統計講座.out' has no
t changed.
(rerunfilecheck)             Checksum: 280FE0EE95B135BEBCB6D4ABEBA78D8D;4369.

LaTeX Font Warning: Some font shapes were not available, defaults substituted.

)

Here is how much of LuaTeX's memory you used:
 23585 strings out of 494577
 156263,662416 words of node,token memory allocated
 44196 words of node memory still in use:
   11 hlist, 2 vlist, 6 rule, 1868 glue, 240 kern, 1 penalty, 1 glyph, 13976 att
ribute, 51 glue_spec, 706 attribute_list, 1 write, 15 user_defined nodes
   avail lists: 1:3,2:35409,3:293,4:446,5:45,6:1796,7:969,8:714,9:734,10:18,11:2
2
 26748 multiletter control sequences out of 65536+600000
 60 fonts using 48632671 bytes
 49i,6n,117p,994b,440s stack positions out of 5000i,500n,10000p,200000b,100000s
{/usr/share/texmf/fonts/enc/dvips/lm/lm-mathsy.enc}{/usr/share/texmf/fonts/enc/d
vips/lm/lm-rm.enc}{/usr/share/texmf/fonts/enc/dvips/lm/lm-mathit.enc}</usr/share
/texlive/texmf-dist/fonts/truetype/public/ipaex/ipaexg.ttf></usr/share/texmf/fon
ts/opentype/public/lm/lmmono10-regular.otf></usr/share/texmf/fonts/opentype/publ
ic/lm/lmmonolt10-bold.otf></usr/share/texmf/fonts/opentype/public/lm/lmmono10-it
alic.otf></home/ishii/.fonts/ki_kokumin/ipaexfont/ipaexg.ttf></usr/share/texlive
/texmf-dist/fonts/truetype/public/ipaex/ipaexm.ttf></usr/share/texmf/fonts/type1
/public/lm/lmmi10.pfb></usr/share/texmf/fonts/type1/public/lm/lmr10.pfb></usr/sh
are/texmf/fonts/type1/public/lm/lmsy10.pfb>
Output written on 考古学のための統計講座.pdf (21 pages, 903260 bytes)
.

PDF statistics: 771 PDF objects out of 1000 (max. 8388607)
 571 compressed objects within 6 object streams
 61 named destinations out of 1000 (max. 131072)
 281 words of extra memory for PDF output out of 10000 (max. 10000000)

